<?xml version="1.0" encoding="UTF-8"?>
<!-- Generated by org.testng.reporters.JUnitReportReporter -->
<testsuite hostname="ATMECSINLT-382" failures="0" tests="1" name="com.TestScripts.TC_01" time="6.703" errors="0" timestamp="02 Oct 2019 14:54:38 GMT" skipped="0">
  <testcase classname="com.TestScripts.TC_01" name="test" time="6.703"/>
</testsuite> <!-- com.TestScripts.TC_01 -->
