<?xml version="1.0" encoding="UTF-8"?>
<!-- Generated by org.testng.reporters.JUnitReportReporter -->
<testsuite hostname="ATMECSINLT-382" failures="0" tests="1" name="com.TestScripts.A" time="0.027" errors="0" timestamp="29 Sep 2019 11:51:02 GMT" skipped="0">
  <testcase classname="com.TestScripts.A" name="m1" time="0.027"/>
</testsuite> <!-- com.TestScripts.A -->
